<?xml version="1.0" encoding="UTF-8"?>
<robot generator="Robot 6.0.1 (Python 3.10.7 on win32)" generated="20221123 18:22:54.638" rpa="false" schemaversion="3">
<suite id="s1" name="GestionAlert2" source="c:\Users\Inna_D\Desktop\RobotframeworkProjet3\GestionAlert2.robot">
<test id="s1-t1" name="Test gerer alert" line="7">
<kw name="Open Browser" library="SeleniumLibrary">
<arg>http://omayo.blogspot.com/</arg>
<arg>gc</arg>
<doc>Opens a new browser instance to the optional ``url``.</doc>
<msg timestamp="20221123 18:22:54.753" level="INFO">Opening browser 'gc' to base url 'http://omayo.blogspot.com/'.</msg>
<status status="PASS" starttime="20221123 18:22:54.752" endtime="20221123 18:22:56.297"/>
</kw>
<kw name="Maximize Browser Window" library="SeleniumLibrary">
<doc>Maximizes current browser window.</doc>
<status status="PASS" starttime="20221123 18:22:56.297" endtime="20221123 18:22:56.417"/>
</kw>
<kw name="Sleep" library="BuiltIn">
<arg>2</arg>
<doc>Pauses the test executed for the given time.</doc>
<msg timestamp="20221123 18:22:58.427" level="INFO">Slept 2 seconds</msg>
<status status="PASS" starttime="20221123 18:22:56.418" endtime="20221123 18:22:58.427"/>
</kw>
<kw name="Click Button" library="SeleniumLibrary">
<arg>xpath=//input[@id="alert1"]</arg>
<doc>Clicks the button identified by ``locator``.</doc>
<msg timestamp="20221123 18:22:58.428" level="INFO">Clicking button 'xpath=//input[@id="alert1"]'.</msg>
<status status="PASS" starttime="20221123 18:22:58.427" endtime="20221123 18:22:58.456"/>
</kw>
<kw name="Sleep" library="BuiltIn">
<arg>2</arg>
<doc>Pauses the test executed for the given time.</doc>
<msg timestamp="20221123 18:23:00.464" level="INFO">Slept 2 seconds</msg>
<status status="PASS" starttime="20221123 18:22:58.457" endtime="20221123 18:23:00.464"/>
</kw>
<kw name="Handle Alert" library="SeleniumLibrary">
<var>${message_Alert}</var>
<doc>Handles the current alert and returns its message.</doc>
<msg timestamp="20221123 18:23:00.465" level="INFO">HANDLE::&lt;class 'NoneType'&gt;::None</msg>
<msg timestamp="20221123 18:23:00.468" level="INFO">${message_Alert} = Hello</msg>
<status status="PASS" starttime="20221123 18:23:00.464" endtime="20221123 18:23:00.468"/>
</kw>
<kw name="Log To Console" library="BuiltIn">
<arg>${message_Alert}</arg>
<doc>Logs the given message to the console.</doc>
<status status="PASS" starttime="20221123 18:23:00.469" endtime="20221123 18:23:00.470"/>
</kw>
<kw name="Should Be Equal" library="BuiltIn">
<arg>${message_Alert}</arg>
<arg>Hello</arg>
<doc>Fails if the given objects are unequal.</doc>
<status status="PASS" starttime="20221123 18:23:00.471" endtime="20221123 18:23:00.471"/>
</kw>
<kw name="Get Location" library="SeleniumLibrary">
<var>${url_site}</var>
<doc>Returns the current browser window URL.</doc>
<msg timestamp="20221123 18:23:00.478" level="INFO">${url_site} = http://omayo.blogspot.com/</msg>
<status status="PASS" starttime="20221123 18:23:00.474" endtime="20221123 18:23:00.478"/>
</kw>
<kw name="Should Be Equal" library="BuiltIn">
<arg>${url_site}</arg>
<arg>http://omayo.blogspot.com/</arg>
<doc>Fails if the given objects are unequal.</doc>
<status status="PASS" starttime="20221123 18:23:00.478" endtime="20221123 18:23:00.479"/>
</kw>
<kw name="Close Browser" library="SeleniumLibrary">
<doc>Closes the current browser.</doc>
<status status="PASS" starttime="20221123 18:23:00.479" endtime="20221123 18:23:02.551"/>
</kw>
<status status="PASS" starttime="20221123 18:22:54.752" endtime="20221123 18:23:02.552"/>
</test>
<status status="PASS" starttime="20221123 18:22:54.640" endtime="20221123 18:23:02.554"/>
</suite>
<statistics>
<total>
<stat pass="1" fail="0" skip="0">All Tests</stat>
</total>
<tag>
</tag>
<suite>
<stat pass="1" fail="0" skip="0" id="s1" name="GestionAlert2">GestionAlert2</stat>
</suite>
</statistics>
<errors>
</errors>
</robot>
